变量：样本数量
样本数量：10     筹码单位：100    庄家本金：1000000    闲家本金：1000000    次数限制：0  利率限制：0.0    获胜概率：40.00%
样本数量：100    筹码单位：100    庄家本金：1000000    闲家本金：1000000    次数限制：0  利率限制：0.0    获胜概率：52.00%
样本数量：1000   筹码单位：100    庄家本金：1000000    闲家本金：1000000    次数限制：0  利率限制：0.0    获胜概率：51.00%
样本数量：10000  筹码单位：100    庄家本金：1000000    闲家本金：1000000    次数限制：0  利率限制：0.0    获胜概率：50.38%
样本数量：100000 筹码单位：100    庄家本金：1000000    闲家本金：1000000    次数限制：0  利率限制：0.0    获胜概率：49.73%

变量：筹码单位
样本数量：10000  筹码单位：10     庄家本金：1000000    闲家本金：1000000    次数限制：0  利率限制：0.0    获胜概率：49.52%
样本数量：10000  筹码单位：100    庄家本金：1000000    闲家本金：1000000    次数限制：0  利率限制：0.0    获胜概率：49.97%
样本数量：10000  筹码单位：1000   庄家本金：1000000    闲家本金：1000000    次数限制：0  利率限制：0.0    获胜概率：49.59%
样本数量：10000  筹码单位：10000  庄家本金：1000000    闲家本金：1000000    次数限制：0  利率限制：0.0    获胜概率：50.63%
样本数量：10000  筹码单位：100000 庄家本金：1000000    闲家本金：1000000    次数限制：0  利率限制：0.0    获胜概率：50.10%

变量：庄家本金
样本数量：10000  筹码单位：100    庄家本金：10000      闲家本金：1000000    次数限制：0  利率限制：0.0    获胜概率：98.86%
样本数量：10000  筹码单位：100    庄家本金：100000     闲家本金：1000000    次数限制：0  利率限制：0.0    获胜概率：91.47%
样本数量：10000  筹码单位：100    庄家本金：1000000    闲家本金：1000000    次数限制：0  利率限制：0.0    获胜概率：49.83%
样本数量：10000  筹码单位：100    庄家本金：10000000   闲家本金：1000000    次数限制：0  利率限制：0.0    获胜概率：9.19%
样本数量：10000  筹码单位：100    庄家本金：100000000  闲家本金：1000000    次数限制：0  利率限制：0.0    获胜概率：1.08%

变量：闲家本金
样本数量：10000  筹码单位：100    庄家本金：1000000    闲家本金：10000      次数限制：0  利率限制：0.0    获胜概率：1.01%
样本数量：10000  筹码单位：100    庄家本金：1000000    闲家本金：100000     次数限制：0  利率限制：0.0    获胜概率：8.42%
样本数量：10000  筹码单位：100    庄家本金：1000000    闲家本金：1000000    次数限制：0  利率限制：0.0    获胜概率：50.06%
样本数量：10000  筹码单位：100    庄家本金：1000000    闲家本金：10000000   次数限制：0  利率限制：0.0    获胜概率：91.14%
样本数量：10000  筹码单位：100    庄家本金：1000000    闲家本金：100000000  次数限制：0  利率限制：0.0    获胜概率：98.88%

变量：次数限制
样本数量：10000  筹码单位：100    庄家本金：100000000  闲家本金：1000000    次数限制：5  利率限制：0.0    获胜概率：50.04%
样本数量：10000  筹码单位：100    庄家本金：100000000  闲家本金：1000000    次数限制：10 利率限制：0.0    获胜概率：50.22%
样本数量：10000  筹码单位：100    庄家本金：100000000  闲家本金：1000000    次数限制：15 利率限制：0.0    获胜概率：27.53%
样本数量：10000  筹码单位：100    庄家本金：100000000  闲家本金：1000000    次数限制：20 利率限制：0.0    获胜概率：5.89%
样本数量：10000  筹码单位：100    庄家本金：100000000  闲家本金：1000000    次数限制：25 利率限制：0.0    获胜概率：2.19%

变量：利率限制
样本数量：10000  筹码单位：100    庄家本金：100000000  闲家本金：1000000    次数限制：0  利率限制：0.1    获胜概率：78.83%
样本数量：10000  筹码单位：100    庄家本金：100000000  闲家本金：1000000    次数限制：0  利率限制：0.3    获胜概率：62.72%
样本数量：10000  筹码单位：100    庄家本金：100000000  闲家本金：1000000    次数限制：0  利率限制：0.5    获胜概率：54.09%
样本数量：10000  筹码单位：100    庄家本金：100000000  闲家本金：1000000    次数限制：0  利率限制：0.7    获胜概率：46.91%
样本数量：10000  筹码单位：100    庄家本金：100000000  闲家本金：1000000    次数限制：0  利率限制：0.9    获胜概率：37.67%
